{
  "RSpec": {
    "coverage": {
      "/home/saasbook/Documents/JellyRating/app/helpers/account_activations_helper.rb": [
        1,
        null
      ],
      "/home/saasbook/Documents/JellyRating/app/helpers/application_helper.rb": [
        1,
        null
      ],
      "/home/saasbook/Documents/JellyRating/app/helpers/sessions_helper.rb": [
        1,
        null,
        1,
        0,
        null,
        null,
        1,
        0,
        0,
        0,
        null,
        null,
        1,
        0,
        0,
        0,
        0,
        0,
        0,
        0,
        null,
        null,
        null,
        null,
        1,
        0,
        null,
        null,
        null,
        1,
        0,
        null,
        null,
        1,
        0,
        0,
        0,
        null,
        null,
        1,
        0,
        0,
        0,
        null,
        null
      ],
      "/home/saasbook/Documents/JellyRating/app/models/media.rb": [
        1,
        1,
        1,
        1,
        null,
        1,
        null
      ],
      "/home/saasbook/Documents/JellyRating/app/models/user.rb": [
        1,
        null,
        1,
        null,
        1,
        1,
        1,
        1,
        null,
        null,
        1,
        1,
        1,
        null,
        null,
        1,
        0,
        null,
        0,
        null,
        null,
        null,
        1,
        0,
        null,
        null,
        null,
        1,
        0,
        0,
        null,
        null,
        null,
        1,
        0,
        0,
        null,
        null,
        null,
        1,
        0,
        null,
        null
      ]
    },
    "timestamp": 1444232056
  }
}
